This file contains any messages produced by compilers while
running configure, to aid debugging if configure makes a mistake.

It was created by gfinder configure 1.1.0, which was
generated by GNU Autoconf 2.69.  Invocation command line was

  $ ./configure 

## --------- ##
## Platform. ##
## --------- ##

hostname = localhost.localdomain
uname -m = x86_64
uname -r = 6.12.38+deb13-amd64
uname -s = Linux
uname -v = #1 SMP PREEMPT_DYNAMIC Debian 6.12.38-1 (2025-07-16)

/usr/bin/uname -p = unknown
/bin/uname -X     = unknown

/bin/arch              = x86_64
/usr/bin/arch -k       = unknown
/usr/convex/getsysinfo = unknown
/usr/bin/hostinfo      = unknown
/bin/machine           = unknown
/usr/bin/oslevel       = unknown
/bin/universe          = unknown

PATH: /root/GNUstep/Tools
PATH: /home/james/GNUstep/Tools
PATH: /usr/GNUstep/Local/Tools
PATH: /usr/GNUstep/System/Tools
PATH: /home/james/.local/bin
PATH: /usr/sbin
PATH: /sbin
PATH: /usr/local/sbin
PATH: /home/james/.local/bin
PATH: /usr/local/bin
PATH: /usr/bin
PATH: /bin
PATH: /usr/local/games
PATH: /usr/games
PATH: /home/james/.dotnet/tools
PATH: /usr/local/libexec
PATH: /usr/libexec


## ----------- ##
## Core tests. ##
## ----------- ##

configure:2165: checking for gcc
configure:2192: result: clang
configure:2421: checking for C compiler version
configure:2430: clang --version >&5
Debian clang version 19.1.7 (3+b2)
Target: x86_64-pc-linux-gnu
Thread model: posix
InstalledDir: /usr/lib/llvm-19/bin
configure:2441: $? = 0
configure:2430: clang -v >&5
Debian clang version 19.1.7 (3+b2)
Target: x86_64-pc-linux-gnu
Thread model: posix
InstalledDir: /usr/lib/llvm-19/bin
Found candidate GCC installation: /usr/lib/gcc/x86_64-linux-gnu/13
Found candidate GCC installation: /usr/lib/gcc/x86_64-linux-gnu/14
Selected GCC installation: /usr/lib/gcc/x86_64-linux-gnu/14
Candidate multilib: .;@m64
Candidate multilib: 32;@m32
Candidate multilib: x32;@mx32
... rest of stderr output deleted ...
configure:2441: $? = 0
configure:2430: clang -V >&5
clang: error: argument to '-V' is missing (expected 1 value)
clang: error: no input files
configure:2441: $? = 1
configure:2430: clang -qversion >&5
clang: error: unknown argument '-qversion'; did you mean '--version'?
clang: error: no input files
configure:2441: $? = 1
configure:2461: checking whether the C compiler works
configure:2483: clang    conftest.c  >&5
configure:2487: $? = 0
configure:2535: result: yes
configure:2538: checking for C compiler default output file name
configure:2540: result: a.out
configure:2546: checking for suffix of executables
configure:2553: clang -o conftest    conftest.c  >&5
configure:2557: $? = 0
configure:2579: result: 
configure:2601: checking whether we are cross compiling
configure:2609: clang -o conftest    conftest.c  >&5
configure:2613: $? = 0
configure:2620: ./conftest
configure:2624: $? = 0
configure:2639: result: no
configure:2644: checking for suffix of object files
configure:2666: clang -c   conftest.c >&5
configure:2670: $? = 0
configure:2691: result: o
configure:2695: checking whether we are using the GNU C compiler
configure:2714: clang -c   conftest.c >&5
configure:2714: $? = 0
configure:2723: result: yes
configure:2732: checking whether clang accepts -g
configure:2752: clang -c -g  conftest.c >&5
configure:2752: $? = 0
configure:2793: result: yes
configure:2810: checking for clang option to accept ISO C89
configure:2873: clang  -c -g -O2  conftest.c >&5
conftest.c:15:14: warning: a function definition without a prototype is deprecated in all versions of C and is not supported in C23 [-Wdeprecated-non-prototype]
   15 | static char *e (p, i)
      |              ^
1 warning generated.
configure:2873: $? = 0
configure:2886: result: none needed
configure:2911: checking how to run the C preprocessor
configure:2981: result: clang -E
configure:3001: clang -E  conftest.c
configure:3001: $? = 0
configure:3015: clang -E  conftest.c
conftest.c:9:10: fatal error: 'ac_nonexistent.h' file not found
    9 | #include <ac_nonexistent.h>
      |          ^~~~~~~~~~~~~~~~~~
1 error generated.
configure:3015: $? = 1
configure: failed program was:
| /* confdefs.h */
| #define PACKAGE_NAME "gfinder"
| #define PACKAGE_TARNAME "gfinder"
| #define PACKAGE_VERSION "1.1.0"
| #define PACKAGE_STRING "gfinder 1.1.0"
| #define PACKAGE_BUGREPORT ""
| #define PACKAGE_URL ""
| /* end confdefs.h.  */
| #include <ac_nonexistent.h>
configure:3092: checking for grep that handles long lines and -e
configure:3150: result: /usr/bin/grep
configure:3155: checking for egrep
configure:3217: result: /usr/bin/grep -E
configure:3222: checking for ANSI C header files
configure:3242: clang -c -g -O2  conftest.c >&5
configure:3242: $? = 0
configure:3315: clang -o conftest -g -O2   conftest.c  >&5
configure:3315: $? = 0
configure:3315: ./conftest
configure:3315: $? = 0
configure:3326: result: yes
configure:3339: checking for sys/types.h
configure:3339: clang -c -g -O2  conftest.c >&5
configure:3339: $? = 0
configure:3339: result: yes
configure:3339: checking for sys/stat.h
configure:3339: clang -c -g -O2  conftest.c >&5
configure:3339: $? = 0
configure:3339: result: yes
configure:3339: checking for stdlib.h
configure:3339: clang -c -g -O2  conftest.c >&5
configure:3339: $? = 0
configure:3339: result: yes
configure:3339: checking for string.h
configure:3339: clang -c -g -O2  conftest.c >&5
configure:3339: $? = 0
configure:3339: result: yes
configure:3339: checking for memory.h
configure:3339: clang -c -g -O2  conftest.c >&5
configure:3339: $? = 0
configure:3339: result: yes
configure:3339: checking for strings.h
configure:3339: clang -c -g -O2  conftest.c >&5
configure:3339: $? = 0
configure:3339: result: yes
configure:3339: checking for inttypes.h
configure:3339: clang -c -g -O2  conftest.c >&5
configure:3339: $? = 0
configure:3339: result: yes
configure:3339: checking for stdint.h
configure:3339: clang -c -g -O2  conftest.c >&5
configure:3339: $? = 0
configure:3339: result: yes
configure:3339: checking for unistd.h
configure:3339: clang -c -g -O2  conftest.c >&5
configure:3339: $? = 0
configure:3339: result: yes
configure:3354: checking dir.h usability
configure:3354: clang -c -g -O2  conftest.c >&5
conftest.c:52:10: fatal error: 'dir.h' file not found
   52 | #include <dir.h>
      |          ^~~~~~~
1 error generated.
configure:3354: $? = 1
configure: failed program was:
| /* confdefs.h */
| #define PACKAGE_NAME "gfinder"
| #define PACKAGE_TARNAME "gfinder"
| #define PACKAGE_VERSION "1.1.0"
| #define PACKAGE_STRING "gfinder 1.1.0"
| #define PACKAGE_BUGREPORT ""
| #define PACKAGE_URL ""
| #define STDC_HEADERS 1
| #define HAVE_SYS_TYPES_H 1
| #define HAVE_SYS_STAT_H 1
| #define HAVE_STDLIB_H 1
| #define HAVE_STRING_H 1
| #define HAVE_MEMORY_H 1
| #define HAVE_STRINGS_H 1
| #define HAVE_INTTYPES_H 1
| #define HAVE_STDINT_H 1
| #define HAVE_UNISTD_H 1
| /* end confdefs.h.  */
| #include <stdio.h>
| #ifdef HAVE_SYS_TYPES_H
| # include <sys/types.h>
| #endif
| #ifdef HAVE_SYS_STAT_H
| # include <sys/stat.h>
| #endif
| #ifdef STDC_HEADERS
| # include <stdlib.h>
| # include <stddef.h>
| #else
| # ifdef HAVE_STDLIB_H
| #  include <stdlib.h>
| # endif
| #endif
| #ifdef HAVE_STRING_H
| # if !defined STDC_HEADERS && defined HAVE_MEMORY_H
| #  include <memory.h>
| # endif
| # include <string.h>
| #endif
| #ifdef HAVE_STRINGS_H
| # include <strings.h>
| #endif
| #ifdef HAVE_INTTYPES_H
| # include <inttypes.h>
| #endif
| #ifdef HAVE_STDINT_H
| # include <stdint.h>
| #endif
| #ifdef HAVE_UNISTD_H
| # include <unistd.h>
| #endif
| #include <dir.h>
configure:3354: result: no
configure:3354: checking dir.h presence
configure:3354: clang -E  conftest.c
conftest.c:19:10: fatal error: 'dir.h' file not found
   19 | #include <dir.h>
      |          ^~~~~~~
1 error generated.
configure:3354: $? = 1
configure: failed program was:
| /* confdefs.h */
| #define PACKAGE_NAME "gfinder"
| #define PACKAGE_TARNAME "gfinder"
| #define PACKAGE_VERSION "1.1.0"
| #define PACKAGE_STRING "gfinder 1.1.0"
| #define PACKAGE_BUGREPORT ""
| #define PACKAGE_URL ""
| #define STDC_HEADERS 1
| #define HAVE_SYS_TYPES_H 1
| #define HAVE_SYS_STAT_H 1
| #define HAVE_STDLIB_H 1
| #define HAVE_STRING_H 1
| #define HAVE_MEMORY_H 1
| #define HAVE_STRINGS_H 1
| #define HAVE_INTTYPES_H 1
| #define HAVE_STDINT_H 1
| #define HAVE_UNISTD_H 1
| /* end confdefs.h.  */
| #include <dir.h>
configure:3354: result: no
configure:3354: checking for dir.h
configure:3354: result: no
configure:3354: checking for unistd.h
configure:3354: result: yes
configure:3354: checking sys/resource.h usability
configure:3354: clang -c -g -O2  conftest.c >&5
configure:3354: $? = 0
configure:3354: result: yes
configure:3354: checking sys/resource.h presence
configure:3354: clang -E  conftest.c
configure:3354: $? = 0
configure:3354: result: yes
configure:3354: checking for sys/resource.h
configure:3354: result: yes
configure:3367: checking for getpwnam
configure:3367: clang -o conftest -g -O2   conftest.c  >&5
configure:3367: $? = 0
configure:3367: result: yes
configure:3367: checking for getpwuid
configure:3367: clang -o conftest -g -O2   conftest.c  >&5
configure:3367: $? = 0
configure:3367: result: yes
configure:3367: checking for geteuid
configure:3367: clang -o conftest -g -O2   conftest.c  >&5
configure:3367: $? = 0
configure:3367: result: yes
configure:3367: checking for getlogin
configure:3367: clang -o conftest -g -O2   conftest.c  >&5
configure:3367: $? = 0
configure:3367: result: yes
configure:3580: creating ./config.status

## ---------------------- ##
## Running config.status. ##
## ---------------------- ##

This file was extended by gfinder config.status 1.1.0, which was
generated by GNU Autoconf 2.69.  Invocation command line was

  CONFIG_FILES    = 
  CONFIG_HEADERS  = 
  CONFIG_LINKS    = 
  CONFIG_COMMANDS = 
  $ ./config.status 

on localhost.localdomain

config.status:810: creating GNUmakefile
config.status:810: creating GFinder/GNUmakefile
config.status:810: creating Tools/fswatcher/GNUmakefile
config.status:810: creating GFinder/config.h
config.status:980: GFinder/config.h is unchanged
configure:4806: === configuring in FSNode (/home/james/development/gnustep/GFinder/FSNode)
configure:4869: running /bin/bash ./configure --disable-option-checking '--prefix=/usr/local'  'CC=clang' --cache-file=/dev/null --srcdir=.
configure:4806: === configuring in Inspector (/home/james/development/gnustep/GFinder/Inspector)
configure:4869: running /bin/bash ./configure --disable-option-checking '--prefix=/usr/local'  'CC=clang' --cache-file=/dev/null --srcdir=.

## ---------------- ##
## Cache variables. ##
## ---------------- ##

ac_cv_c_compiler_gnu=yes
ac_cv_env_CC_set=set
ac_cv_env_CC_value=clang
ac_cv_env_CFLAGS_set=
ac_cv_env_CFLAGS_value=
ac_cv_env_CPPFLAGS_set=
ac_cv_env_CPPFLAGS_value=
ac_cv_env_CPP_set=
ac_cv_env_CPP_value=
ac_cv_env_LDFLAGS_set=
ac_cv_env_LDFLAGS_value=
ac_cv_env_LIBS_set=
ac_cv_env_LIBS_value=
ac_cv_env_build_alias_set=
ac_cv_env_build_alias_value=
ac_cv_env_host_alias_set=
ac_cv_env_host_alias_value=
ac_cv_env_target_alias_set=
ac_cv_env_target_alias_value=
ac_cv_func_geteuid=yes
ac_cv_func_getlogin=yes
ac_cv_func_getpwnam=yes
ac_cv_func_getpwuid=yes
ac_cv_header_dir_h=no
ac_cv_header_inttypes_h=yes
ac_cv_header_memory_h=yes
ac_cv_header_stdc=yes
ac_cv_header_stdint_h=yes
ac_cv_header_stdlib_h=yes
ac_cv_header_string_h=yes
ac_cv_header_strings_h=yes
ac_cv_header_sys_resource_h=yes
ac_cv_header_sys_stat_h=yes
ac_cv_header_sys_types_h=yes
ac_cv_header_unistd_h=yes
ac_cv_objext=o
ac_cv_path_EGREP='/usr/bin/grep -E'
ac_cv_path_GREP=/usr/bin/grep
ac_cv_prog_CPP='clang -E'
ac_cv_prog_ac_ct_CC=clang
ac_cv_prog_cc_c89=
ac_cv_prog_cc_g=yes

## ----------------- ##
## Output variables. ##
## ----------------- ##

BUILD_GWMETADATA='0'
CC='clang'
CFLAGS='-g -O2'
CPP='clang -E'
CPPFLAGS=''
CXX='clang++'
DEFS='-DHAVE_CONFIG_H'
ECHO_C=''
ECHO_N='-n'
ECHO_T=''
EGREP='/usr/bin/grep -E'
EXEEXT=''
GREP='/usr/bin/grep'
LDFLAGS=''
LIBOBJS=''
LIBS=''
LTLIBOBJS=''
OBJEXT='o'
PACKAGE_BUGREPORT=''
PACKAGE_NAME='gfinder'
PACKAGE_STRING='gfinder 1.1.0'
PACKAGE_TARNAME='gfinder'
PACKAGE_URL=''
PACKAGE_VERSION='1.1.0'
PATH_SEPARATOR=':'
SHELL='/bin/bash'
ac_ct_CC='clang'
bindir='${exec_prefix}/bin'
build_alias=''
datadir='${datarootdir}'
datarootdir='${prefix}/share'
docdir='${datarootdir}/doc/${PACKAGE_TARNAME}'
dvidir='${docdir}'
exec_prefix='${prefix}'
host_alias=''
htmldir='${docdir}'
includedir='${prefix}/include'
infodir='${datarootdir}/info'
libdir='${exec_prefix}/lib'
libexecdir='${exec_prefix}/libexec'
localedir='${datarootdir}/locale'
localstatedir='${prefix}/var'
mandir='${datarootdir}/man'
oldincludedir='/usr/include'
pdfdir='${docdir}'
prefix='/usr/local'
program_transform_name='s,x,x,'
psdir='${docdir}'
sbindir='${exec_prefix}/sbin'
sharedstatedir='${prefix}/com'
subdirs=' FSNode Inspector'
sysconfdir='${prefix}/etc'
target_alias=''
with_inotify='no'

## ----------- ##
## confdefs.h. ##
## ----------- ##

/* confdefs.h */
#define PACKAGE_NAME "gfinder"
#define PACKAGE_TARNAME "gfinder"
#define PACKAGE_VERSION "1.1.0"
#define PACKAGE_STRING "gfinder 1.1.0"
#define PACKAGE_BUGREPORT ""
#define PACKAGE_URL ""
#define STDC_HEADERS 1
#define HAVE_SYS_TYPES_H 1
#define HAVE_SYS_STAT_H 1
#define HAVE_STDLIB_H 1
#define HAVE_STRING_H 1
#define HAVE_MEMORY_H 1
#define HAVE_STRINGS_H 1
#define HAVE_INTTYPES_H 1
#define HAVE_STDINT_H 1
#define HAVE_UNISTD_H 1
#define HAVE_UNISTD_H 1
#define HAVE_SYS_RESOURCE_H 1
#define HAVE_GETPWNAM 1
#define HAVE_GETPWUID 1
#define HAVE_GETEUID 1
#define HAVE_GETLOGIN 1
#define GW_DEBUG_LOG 0

configure: exit 0
