This file contains any messages produced by compilers while
running configure, to aid debugging if configure makes a mistake.

It was created by configure, which was
generated by GNU Autoconf 2.69.  Invocation command line was

  $ ./configure --disable-option-checking --prefix=/usr/local --cache-file=/dev/null --srcdir=.

## --------- ##
## Platform. ##
## --------- ##

hostname = localhost.localdomain
uname -m = x86_64
uname -r = 6.12.38+deb13-amd64
uname -s = Linux
uname -v = #1 SMP PREEMPT_DYNAMIC Debian 6.12.38-1 (2025-07-16)

/usr/bin/uname -p = unknown
/bin/uname -X     = unknown

/bin/arch              = x86_64
/usr/bin/arch -k       = unknown
/usr/convex/getsysinfo = unknown
/usr/bin/hostinfo      = unknown
/bin/machine           = unknown
/usr/bin/oslevel       = unknown
/bin/universe          = unknown

PATH: /home/james/GNUstep/Tools
PATH: /usr/GNUstep/Local/Tools
PATH: /usr/GNUstep/System/Tools
PATH: /home/james/.local/bin
PATH: /usr/sbin
PATH: /sbin
PATH: /usr/local/sbin
PATH: /home/james/.local/bin
PATH: /usr/local/bin
PATH: /usr/bin
PATH: /bin
PATH: /usr/local/games
PATH: /usr/games
PATH: /home/james/.dotnet/tools
PATH: /usr/local/libexec
PATH: /usr/libexec


## ----------- ##
## Core tests. ##
## ----------- ##

configure:2159: checking for gcc
configure:2186: result: clang
configure:2415: checking for C compiler version
configure:2424: clang --version >&5
Debian clang version 19.1.7 (3+b2)
Target: x86_64-pc-linux-gnu
Thread model: posix
InstalledDir: /usr/lib/llvm-19/bin
configure:2435: $? = 0
configure:2424: clang -v >&5
Debian clang version 19.1.7 (3+b2)
Target: x86_64-pc-linux-gnu
Thread model: posix
InstalledDir: /usr/lib/llvm-19/bin
Found candidate GCC installation: /usr/lib/gcc/x86_64-linux-gnu/13
Found candidate GCC installation: /usr/lib/gcc/x86_64-linux-gnu/14
Selected GCC installation: /usr/lib/gcc/x86_64-linux-gnu/14
Candidate multilib: .;@m64
Candidate multilib: 32;@m32
Candidate multilib: x32;@mx32
... rest of stderr output deleted ...
configure:2435: $? = 0
configure:2424: clang -V >&5
clang: error: argument to '-V' is missing (expected 1 value)
clang: error: no input files
configure:2435: $? = 1
configure:2424: clang -qversion >&5
clang: error: unknown argument '-qversion'; did you mean '--version'?
clang: error: no input files
configure:2435: $? = 1
configure:2455: checking whether the C compiler works
configure:2477: clang    conftest.c  >&5
configure:2481: $? = 0
configure:2529: result: yes
configure:2532: checking for C compiler default output file name
configure:2534: result: a.out
configure:2540: checking for suffix of executables
configure:2547: clang -o conftest    conftest.c  >&5
configure:2551: $? = 0
configure:2573: result: 
configure:2595: checking whether we are cross compiling
configure:2603: clang -o conftest    conftest.c  >&5
configure:2607: $? = 0
configure:2614: ./conftest
configure:2618: $? = 0
configure:2633: result: no
configure:2638: checking for suffix of object files
configure:2660: clang -c   conftest.c >&5
configure:2664: $? = 0
configure:2685: result: o
configure:2689: checking whether we are using the GNU C compiler
configure:2708: clang -c   conftest.c >&5
configure:2708: $? = 0
configure:2717: result: yes
configure:2726: checking whether clang accepts -g
configure:2746: clang -c -g  conftest.c >&5
configure:2746: $? = 0
configure:2787: result: yes
configure:2804: checking for clang option to accept ISO C89
configure:2867: clang  -c -g -O2  conftest.c >&5
conftest.c:15:14: warning: a function definition without a prototype is deprecated in all versions of C and is not supported in C23 [-Wdeprecated-non-prototype]
   15 | static char *e (p, i)
      |              ^
1 warning generated.
configure:2867: $? = 0
configure:2880: result: none needed
configure:2905: checking how to run the C preprocessor
configure:2975: result: clang -E
configure:2995: clang -E  conftest.c
configure:2995: $? = 0
configure:3009: clang -E  conftest.c
conftest.c:9:10: fatal error: 'ac_nonexistent.h' file not found
    9 | #include <ac_nonexistent.h>
      |          ^~~~~~~~~~~~~~~~~~
1 error generated.
configure:3009: $? = 1
configure: failed program was:
| /* confdefs.h */
| #define PACKAGE_NAME ""
| #define PACKAGE_TARNAME ""
| #define PACKAGE_VERSION ""
| #define PACKAGE_STRING ""
| #define PACKAGE_BUGREPORT ""
| #define PACKAGE_URL ""
| /* end confdefs.h.  */
| #include <ac_nonexistent.h>
configure:3049: checking for grep that handles long lines and -e
configure:3107: result: /usr/bin/grep
configure:3112: checking for egrep
configure:3174: result: /usr/bin/grep -E
configure:3179: checking for ANSI C header files
configure:3199: clang -c -g -O2  conftest.c >&5
configure:3199: $? = 0
configure:3272: clang -o conftest -g -O2   conftest.c  >&5
configure:3272: $? = 0
configure:3272: ./conftest
configure:3272: $? = 0
configure:3283: result: yes
configure:3296: checking for sys/types.h
configure:3296: clang -c -g -O2  conftest.c >&5
configure:3296: $? = 0
configure:3296: result: yes
configure:3296: checking for sys/stat.h
configure:3296: clang -c -g -O2  conftest.c >&5
configure:3296: $? = 0
configure:3296: result: yes
configure:3296: checking for stdlib.h
configure:3296: clang -c -g -O2  conftest.c >&5
configure:3296: $? = 0
configure:3296: result: yes
configure:3296: checking for string.h
configure:3296: clang -c -g -O2  conftest.c >&5
configure:3296: $? = 0
configure:3296: result: yes
configure:3296: checking for memory.h
configure:3296: clang -c -g -O2  conftest.c >&5
configure:3296: $? = 0
configure:3296: result: yes
configure:3296: checking for strings.h
configure:3296: clang -c -g -O2  conftest.c >&5
configure:3296: $? = 0
configure:3296: result: yes
configure:3296: checking for inttypes.h
configure:3296: clang -c -g -O2  conftest.c >&5
configure:3296: $? = 0
configure:3296: result: yes
configure:3296: checking for stdint.h
configure:3296: clang -c -g -O2  conftest.c >&5
configure:3296: $? = 0
configure:3296: result: yes
configure:3296: checking for unistd.h
configure:3296: clang -c -g -O2  conftest.c >&5
configure:3296: $? = 0
configure:3296: result: yes
configure:3311: checking dir.h usability
configure:3311: clang -c -g -O2  conftest.c >&5
conftest.c:52:10: fatal error: 'dir.h' file not found
   52 | #include <dir.h>
      |          ^~~~~~~
1 error generated.
configure:3311: $? = 1
configure: failed program was:
| /* confdefs.h */
| #define PACKAGE_NAME ""
| #define PACKAGE_TARNAME ""
| #define PACKAGE_VERSION ""
| #define PACKAGE_STRING ""
| #define PACKAGE_BUGREPORT ""
| #define PACKAGE_URL ""
| #define STDC_HEADERS 1
| #define HAVE_SYS_TYPES_H 1
| #define HAVE_SYS_STAT_H 1
| #define HAVE_STDLIB_H 1
| #define HAVE_STRING_H 1
| #define HAVE_MEMORY_H 1
| #define HAVE_STRINGS_H 1
| #define HAVE_INTTYPES_H 1
| #define HAVE_STDINT_H 1
| #define HAVE_UNISTD_H 1
| /* end confdefs.h.  */
| #include <stdio.h>
| #ifdef HAVE_SYS_TYPES_H
| # include <sys/types.h>
| #endif
| #ifdef HAVE_SYS_STAT_H
| # include <sys/stat.h>
| #endif
| #ifdef STDC_HEADERS
| # include <stdlib.h>
| # include <stddef.h>
| #else
| # ifdef HAVE_STDLIB_H
| #  include <stdlib.h>
| # endif
| #endif
| #ifdef HAVE_STRING_H
| # if !defined STDC_HEADERS && defined HAVE_MEMORY_H
| #  include <memory.h>
| # endif
| # include <string.h>
| #endif
| #ifdef HAVE_STRINGS_H
| # include <strings.h>
| #endif
| #ifdef HAVE_INTTYPES_H
| # include <inttypes.h>
| #endif
| #ifdef HAVE_STDINT_H
| # include <stdint.h>
| #endif
| #ifdef HAVE_UNISTD_H
| # include <unistd.h>
| #endif
| #include <dir.h>
configure:3311: result: no
configure:3311: checking dir.h presence
configure:3311: clang -E  conftest.c
conftest.c:19:10: fatal error: 'dir.h' file not found
   19 | #include <dir.h>
      |          ^~~~~~~
1 error generated.
configure:3311: $? = 1
configure: failed program was:
| /* confdefs.h */
| #define PACKAGE_NAME ""
| #define PACKAGE_TARNAME ""
| #define PACKAGE_VERSION ""
| #define PACKAGE_STRING ""
| #define PACKAGE_BUGREPORT ""
| #define PACKAGE_URL ""
| #define STDC_HEADERS 1
| #define HAVE_SYS_TYPES_H 1
| #define HAVE_SYS_STAT_H 1
| #define HAVE_STDLIB_H 1
| #define HAVE_STRING_H 1
| #define HAVE_MEMORY_H 1
| #define HAVE_STRINGS_H 1
| #define HAVE_INTTYPES_H 1
| #define HAVE_STDINT_H 1
| #define HAVE_UNISTD_H 1
| /* end confdefs.h.  */
| #include <dir.h>
configure:3311: result: no
configure:3311: checking for dir.h
configure:3311: result: no
configure:3311: checking for unistd.h
configure:3311: result: yes
configure:3324: checking for getpwnam
configure:3324: clang -o conftest -g -O2   conftest.c  >&5
configure:3324: $? = 0
configure:3324: result: yes
configure:3324: checking for getpwuid
configure:3324: clang -o conftest -g -O2   conftest.c  >&5
configure:3324: $? = 0
configure:3324: result: yes
configure:3324: checking for geteuid
configure:3324: clang -o conftest -g -O2   conftest.c  >&5
configure:3324: $? = 0
configure:3324: result: yes
configure:3324: checking for getlogin
configure:3324: clang -o conftest -g -O2   conftest.c  >&5
configure:3324: $? = 0
configure:3324: result: yes
configure:3407: checking for sh
configure:3425: found /usr/bin/sh
configure:3437: result: /usr/bin/sh
configure:3474: checking for file
configure:3492: found /usr/bin/file
configure:3504: result: /usr/bin/file
configure:3563: checking for PDFKit
configure:3577: clang -o conftest -xobjective-c -MMD -MP -DGNUSTEP -DGNUSTEP_BASE_LIBRARY=1 -DGNU_GUI_LIBRARY=1 -DGNUSTEP_RUNTIME=1 -D_NONFRAGILE_ABI=1 -DGNUSTEP_BASE_LIBRARY=1 -fno-strict-aliasing -fexceptions -fobjc-exceptions -D_NATIVE_OBJC_EXCEPTIONS -pthread -fPIC -DDEBUG -fno-omit-frame-pointer -Wall -DGSWARN -DGSDIAGNOSE -Wno-import -g -fobjc-runtime=gnustep-2.2 -fblocks -fconstant-string-class=NSConstantString -I. -I/home/james/GNUstep/Library/Headers -I/usr/GNUstep/Local/Library/Headers -I/usr/GNUstep/System/Library/Headers   conftest.c  -lPDFKit -pthread -fexceptions -rdynamic -fobjc-runtime=gnustep-2.2 -fblocks -L/home/james/GNUstep/Library/Libraries -L/usr/GNUstep/Local/Library/Libraries -L/usr/GNUstep/System/Library/Libraries -lgnustep-gui -lgnustep-base -lpthread -lobjc -lm >&5
conftest.c:27:10: fatal error: 'PDFKit/PDFDocument.h' file not found
   27 | #include <PDFKit/PDFDocument.h>
      |          ^~~~~~~~~~~~~~~~~~~~~~
1 error generated.
configure:3577: $? = 1
configure: failed program was:
| /* confdefs.h */
| #define PACKAGE_NAME ""
| #define PACKAGE_TARNAME ""
| #define PACKAGE_VERSION ""
| #define PACKAGE_STRING ""
| #define PACKAGE_BUGREPORT ""
| #define PACKAGE_URL ""
| #define STDC_HEADERS 1
| #define HAVE_SYS_TYPES_H 1
| #define HAVE_SYS_STAT_H 1
| #define HAVE_STDLIB_H 1
| #define HAVE_STRING_H 1
| #define HAVE_MEMORY_H 1
| #define HAVE_STRINGS_H 1
| #define HAVE_INTTYPES_H 1
| #define HAVE_STDINT_H 1
| #define HAVE_UNISTD_H 1
| #define HAVE_UNISTD_H 1
| #define HAVE_GETPWNAM 1
| #define HAVE_GETPWUID 1
| #define HAVE_GETEUID 1
| #define HAVE_GETLOGIN 1
| #define GW_DEBUG_LOG 0
| #define SHPATH "/usr/bin/sh"
| #define FILEPATH "/usr/bin/file"
| /* end confdefs.h.  */
| #include <PDFKit/PDFDocument.h>
| int
| main ()
| {
| [PDFDocument class];
|   ;
|   return 0;
| }
configure:3590: result: no
configure:3597: The PDFKit framework can't be found.
configure:3599: The pdf viewer will not be built.
configure:3713: creating ./config.status

## ---------------------- ##
## Running config.status. ##
## ---------------------- ##

This file was extended by config.status, which was
generated by GNU Autoconf 2.69.  Invocation command line was

  CONFIG_FILES    = 
  CONFIG_HEADERS  = 
  CONFIG_LINKS    = 
  CONFIG_COMMANDS = 
  $ ./config.status 

on localhost.localdomain

config.status:809: creating GNUmakefile
config.status:809: creating ContentViewers/GNUmakefile
config.status:809: creating config.h
config.status:979: config.h is unchanged

## ---------------- ##
## Cache variables. ##
## ---------------- ##

ac_cv_c_compiler_gnu=yes
ac_cv_env_CC_set=set
ac_cv_env_CC_value=clang
ac_cv_env_CFLAGS_set=
ac_cv_env_CFLAGS_value=
ac_cv_env_CPPFLAGS_set=
ac_cv_env_CPPFLAGS_value=
ac_cv_env_CPP_set=set
ac_cv_env_CPP_value='clang -E'
ac_cv_env_LDFLAGS_set=
ac_cv_env_LDFLAGS_value=
ac_cv_env_LIBS_set=
ac_cv_env_LIBS_value=
ac_cv_env_build_alias_set=
ac_cv_env_build_alias_value=
ac_cv_env_host_alias_set=
ac_cv_env_host_alias_value=
ac_cv_env_target_alias_set=
ac_cv_env_target_alias_value=
ac_cv_func_geteuid=yes
ac_cv_func_getlogin=yes
ac_cv_func_getpwnam=yes
ac_cv_func_getpwuid=yes
ac_cv_header_dir_h=no
ac_cv_header_inttypes_h=yes
ac_cv_header_memory_h=yes
ac_cv_header_stdc=yes
ac_cv_header_stdint_h=yes
ac_cv_header_stdlib_h=yes
ac_cv_header_string_h=yes
ac_cv_header_strings_h=yes
ac_cv_header_sys_stat_h=yes
ac_cv_header_sys_types_h=yes
ac_cv_header_unistd_h=yes
ac_cv_objext=o
ac_cv_path_EGREP='/usr/bin/grep -E'
ac_cv_path_FILE_PATH=/usr/bin/file
ac_cv_path_GREP=/usr/bin/grep
ac_cv_path_SH_PATH=/usr/bin/sh
ac_cv_prog_CPP='clang -E'
ac_cv_prog_ac_ct_CC=clang
ac_cv_prog_cc_c89=
ac_cv_prog_cc_g=yes

## ----------------- ##
## Output variables. ##
## ----------------- ##

CC='clang'
CFLAGS='-g -O2'
CPP='clang -E'
CPPFLAGS=''
DEFS='-DHAVE_CONFIG_H'
ECHO_C=''
ECHO_N='-n'
ECHO_T=''
EGREP='/usr/bin/grep -E'
EXEEXT=''
FILE_PATH='/usr/bin/file'
GREP='/usr/bin/grep'
LDFLAGS=''
LIBOBJS=''
LIBS=''
LTLIBOBJS=''
OBJEXT='o'
PACKAGE_BUGREPORT=''
PACKAGE_NAME=''
PACKAGE_STRING=''
PACKAGE_TARNAME=''
PACKAGE_URL=''
PACKAGE_VERSION=''
PATH_SEPARATOR=':'
SHELL='/bin/bash'
SH_PATH='/usr/bin/sh'
ac_ct_CC='clang'
bindir='${exec_prefix}/bin'
build_alias=''
datadir='${datarootdir}'
datarootdir='${prefix}/share'
docdir='${datarootdir}/doc/${PACKAGE}'
dvidir='${docdir}'
exec_prefix='${prefix}'
have_pdfkit='no'
host_alias=''
htmldir='${docdir}'
includedir='${prefix}/include'
infodir='${datarootdir}/info'
libdir='${exec_prefix}/lib'
libexecdir='${exec_prefix}/libexec'
localedir='${datarootdir}/locale'
localstatedir='${prefix}/var'
mandir='${datarootdir}/man'
oldincludedir='/usr/include'
pdfdir='${docdir}'
prefix='/usr/local'
program_transform_name='s,x,x,'
psdir='${docdir}'
sbindir='${exec_prefix}/sbin'
sharedstatedir='${prefix}/com'
sysconfdir='${prefix}/etc'
target_alias=''

## ----------- ##
## confdefs.h. ##
## ----------- ##

/* confdefs.h */
#define PACKAGE_NAME ""
#define PACKAGE_TARNAME ""
#define PACKAGE_VERSION ""
#define PACKAGE_STRING ""
#define PACKAGE_BUGREPORT ""
#define PACKAGE_URL ""
#define STDC_HEADERS 1
#define HAVE_SYS_TYPES_H 1
#define HAVE_SYS_STAT_H 1
#define HAVE_STDLIB_H 1
#define HAVE_STRING_H 1
#define HAVE_MEMORY_H 1
#define HAVE_STRINGS_H 1
#define HAVE_INTTYPES_H 1
#define HAVE_STDINT_H 1
#define HAVE_UNISTD_H 1
#define HAVE_UNISTD_H 1
#define HAVE_GETPWNAM 1
#define HAVE_GETPWUID 1
#define HAVE_GETEUID 1
#define HAVE_GETLOGIN 1
#define GW_DEBUG_LOG 0
#define SHPATH "/usr/bin/sh"
#define FILEPATH "/usr/bin/file"

configure: exit 0
