This file contains any messages produced by compilers while
running configure, to aid debugging if configure makes a mistake.

It was created by configure, which was
generated by GNU Autoconf 2.69.  Invocation command line was

  $ ./configure --disable-option-checking --prefix=/usr/local CC=clang --cache-file=/dev/null --srcdir=.

## --------- ##
## Platform. ##
## --------- ##

hostname = localhost.localdomain
uname -m = x86_64
uname -r = 6.12.38+deb13-amd64
uname -s = Linux
uname -v = #1 SMP PREEMPT_DYNAMIC Debian 6.12.38-1 (2025-07-16)

/usr/bin/uname -p = unknown
/bin/uname -X     = unknown

/bin/arch              = x86_64
/usr/bin/arch -k       = unknown
/usr/convex/getsysinfo = unknown
/usr/bin/hostinfo      = unknown
/bin/machine           = unknown
/usr/bin/oslevel       = unknown
/bin/universe          = unknown

PATH: /root/GNUstep/Tools
PATH: /home/james/GNUstep/Tools
PATH: /usr/GNUstep/Local/Tools
PATH: /usr/GNUstep/System/Tools
PATH: /home/james/.local/bin
PATH: /usr/sbin
PATH: /sbin
PATH: /usr/local/sbin
PATH: /home/james/.local/bin
PATH: /usr/local/bin
PATH: /usr/bin
PATH: /bin
PATH: /usr/local/games
PATH: /usr/games
PATH: /home/james/.dotnet/tools
PATH: /usr/local/libexec
PATH: /usr/libexec


## ----------- ##
## Core tests. ##
## ----------- ##

configure:2229: checking for gcc
configure:2256: result: clang
configure:2485: checking for C compiler version
configure:2494: clang --version >&5
Debian clang version 19.1.7 (3+b2)
Target: x86_64-pc-linux-gnu
Thread model: posix
InstalledDir: /usr/lib/llvm-19/bin
configure:2505: $? = 0
configure:2494: clang -v >&5
Debian clang version 19.1.7 (3+b2)
Target: x86_64-pc-linux-gnu
Thread model: posix
InstalledDir: /usr/lib/llvm-19/bin
Found candidate GCC installation: /usr/lib/gcc/x86_64-linux-gnu/13
Found candidate GCC installation: /usr/lib/gcc/x86_64-linux-gnu/14
Selected GCC installation: /usr/lib/gcc/x86_64-linux-gnu/14
Candidate multilib: .;@m64
Candidate multilib: 32;@m32
Candidate multilib: x32;@mx32
... rest of stderr output deleted ...
configure:2505: $? = 0
configure:2494: clang -V >&5
clang: error: argument to '-V' is missing (expected 1 value)
clang: error: no input files
configure:2505: $? = 1
configure:2494: clang -qversion >&5
clang: error: unknown argument '-qversion'; did you mean '--version'?
clang: error: no input files
configure:2505: $? = 1
configure:2525: checking whether the C compiler works
configure:2547: clang    conftest.c  >&5
configure:2551: $? = 0
configure:2599: result: yes
configure:2602: checking for C compiler default output file name
configure:2604: result: a.out
configure:2610: checking for suffix of executables
configure:2617: clang -o conftest    conftest.c  >&5
configure:2621: $? = 0
configure:2643: result: 
configure:2665: checking whether we are cross compiling
configure:2673: clang -o conftest    conftest.c  >&5
configure:2677: $? = 0
configure:2684: ./conftest
configure:2688: $? = 0
configure:2703: result: no
configure:2708: checking for suffix of object files
configure:2730: clang -c   conftest.c >&5
configure:2734: $? = 0
configure:2755: result: o
configure:2759: checking whether we are using the GNU C compiler
configure:2778: clang -c   conftest.c >&5
configure:2778: $? = 0
configure:2787: result: yes
configure:2796: checking whether clang accepts -g
configure:2816: clang -c -g  conftest.c >&5
configure:2816: $? = 0
configure:2857: result: yes
configure:2874: checking for clang option to accept ISO C89
configure:2937: clang  -c -g -O2  conftest.c >&5
conftest.c:15:14: warning: a function definition without a prototype is deprecated in all versions of C and is not supported in C23 [-Wdeprecated-non-prototype]
   15 | static char *e (p, i)
      |              ^
1 warning generated.
configure:2937: $? = 0
configure:2950: result: none needed
configure:2973: checking for getmntinfo
configure:2973: clang -o conftest -g -O2   conftest.c  >&5
/usr/bin/ld: /usr/bin/ld: DWARF error: mangled line number section (bad file number)
/tmp/conftest-595bfd.o: in function `main':
/home/james/development/gnustep/GFinder/FSNode/conftest.c:43:(.text+0x4): undefined reference to `getmntinfo'
clang: error: linker command failed with exit code 1 (use -v to see invocation)
configure:2973: $? = 1
configure: failed program was:
| /* confdefs.h */
| #define PACKAGE_NAME ""
| #define PACKAGE_TARNAME ""
| #define PACKAGE_VERSION ""
| #define PACKAGE_STRING ""
| #define PACKAGE_BUGREPORT ""
| #define PACKAGE_URL ""
| /* end confdefs.h.  */
| /* Define getmntinfo to an innocuous variant, in case <limits.h> declares getmntinfo.
|    For example, HP-UX 11i <limits.h> declares gettimeofday.  */
| #define getmntinfo innocuous_getmntinfo
| 
| /* System header to define __stub macros and hopefully few prototypes,
|     which can conflict with char getmntinfo (); below.
|     Prefer <limits.h> to <assert.h> if __STDC__ is defined, since
|     <limits.h> exists even on freestanding compilers.  */
| 
| #ifdef __STDC__
| # include <limits.h>
| #else
| # include <assert.h>
| #endif
| 
| #undef getmntinfo
| 
| /* Override any GCC internal prototype to avoid an error.
|    Use char because int might match the return type of a GCC
|    builtin and then its argument prototype would still apply.  */
| #ifdef __cplusplus
| extern "C"
| #endif
| char getmntinfo ();
| /* The GNU C library defines this for functions which it implements
|     to always fail with ENOSYS.  Some functions are actually named
|     something starting with __ and the normal name is an alias.  */
| #if defined __stub_getmntinfo || defined __stub___getmntinfo
| choke me
| #endif
| 
| int
| main ()
| {
| return getmntinfo ();
|   ;
|   return 0;
| }
configure:2973: result: no
configure:2988: checking how to run the C preprocessor
configure:3058: result: clang -E
configure:3078: clang -E  conftest.c
configure:3078: $? = 0
configure:3092: clang -E  conftest.c
conftest.c:9:10: fatal error: 'ac_nonexistent.h' file not found
    9 | #include <ac_nonexistent.h>
      |          ^~~~~~~~~~~~~~~~~~
1 error generated.
configure:3092: $? = 1
configure: failed program was:
| /* confdefs.h */
| #define PACKAGE_NAME ""
| #define PACKAGE_TARNAME ""
| #define PACKAGE_VERSION ""
| #define PACKAGE_STRING ""
| #define PACKAGE_BUGREPORT ""
| #define PACKAGE_URL ""
| /* end confdefs.h.  */
| #include <ac_nonexistent.h>
configure:3121: checking for grep that handles long lines and -e
configure:3179: result: /usr/bin/grep
configure:3184: checking for egrep
configure:3246: result: /usr/bin/grep -E
configure:3251: checking for ANSI C header files
configure:3271: clang -c -g -O2  conftest.c >&5
configure:3271: $? = 0
configure:3344: clang -o conftest -g -O2   conftest.c  >&5
configure:3344: $? = 0
configure:3344: ./conftest
configure:3344: $? = 0
configure:3355: result: yes
configure:3368: checking for sys/types.h
configure:3368: clang -c -g -O2  conftest.c >&5
configure:3368: $? = 0
configure:3368: result: yes
configure:3368: checking for sys/stat.h
configure:3368: clang -c -g -O2  conftest.c >&5
configure:3368: $? = 0
configure:3368: result: yes
configure:3368: checking for stdlib.h
configure:3368: clang -c -g -O2  conftest.c >&5
configure:3368: $? = 0
configure:3368: result: yes
configure:3368: checking for string.h
configure:3368: clang -c -g -O2  conftest.c >&5
configure:3368: $? = 0
configure:3368: result: yes
configure:3368: checking for memory.h
configure:3368: clang -c -g -O2  conftest.c >&5
configure:3368: $? = 0
configure:3368: result: yes
configure:3368: checking for strings.h
configure:3368: clang -c -g -O2  conftest.c >&5
configure:3368: $? = 0
configure:3368: result: yes
configure:3368: checking for inttypes.h
configure:3368: clang -c -g -O2  conftest.c >&5
configure:3368: $? = 0
configure:3368: result: yes
configure:3368: checking for stdint.h
configure:3368: clang -c -g -O2  conftest.c >&5
configure:3368: $? = 0
configure:3368: result: yes
configure:3368: checking for unistd.h
configure:3368: clang -c -g -O2  conftest.c >&5
configure:3368: $? = 0
configure:3368: result: yes
configure:3382: checking mntent.h usability
configure:3382: clang -c -g -O2  conftest.c >&5
configure:3382: $? = 0
configure:3382: result: yes
configure:3382: checking mntent.h presence
configure:3382: clang -E  conftest.c
configure:3382: $? = 0
configure:3382: result: yes
configure:3382: checking for mntent.h
configure:3382: result: yes
configure:3395: checking for sys/types.h
configure:3395: result: yes
configure:3395: checking sys/mntent.h usability
configure:3395: clang -c -g -O2  conftest.c >&5
conftest.c:54:10: fatal error: 'sys/mntent.h' file not found
   54 | #include <sys/mntent.h>
      |          ^~~~~~~~~~~~~~
1 error generated.
configure:3395: $? = 1
configure: failed program was:
| /* confdefs.h */
| #define PACKAGE_NAME ""
| #define PACKAGE_TARNAME ""
| #define PACKAGE_VERSION ""
| #define PACKAGE_STRING ""
| #define PACKAGE_BUGREPORT ""
| #define PACKAGE_URL ""
| #define STDC_HEADERS 1
| #define HAVE_SYS_TYPES_H 1
| #define HAVE_SYS_STAT_H 1
| #define HAVE_STDLIB_H 1
| #define HAVE_STRING_H 1
| #define HAVE_MEMORY_H 1
| #define HAVE_STRINGS_H 1
| #define HAVE_INTTYPES_H 1
| #define HAVE_STDINT_H 1
| #define HAVE_UNISTD_H 1
| #define HAVE_MNTENT_H 1
| #define HAVE_SYS_TYPES_H 1
| /* end confdefs.h.  */
| #include <stdio.h>
| #ifdef HAVE_SYS_TYPES_H
| # include <sys/types.h>
| #endif
| #ifdef HAVE_SYS_STAT_H
| # include <sys/stat.h>
| #endif
| #ifdef STDC_HEADERS
| # include <stdlib.h>
| # include <stddef.h>
| #else
| # ifdef HAVE_STDLIB_H
| #  include <stdlib.h>
| # endif
| #endif
| #ifdef HAVE_STRING_H
| # if !defined STDC_HEADERS && defined HAVE_MEMORY_H
| #  include <memory.h>
| # endif
| # include <string.h>
| #endif
| #ifdef HAVE_STRINGS_H
| # include <strings.h>
| #endif
| #ifdef HAVE_INTTYPES_H
| # include <inttypes.h>
| #endif
| #ifdef HAVE_STDINT_H
| # include <stdint.h>
| #endif
| #ifdef HAVE_UNISTD_H
| # include <unistd.h>
| #endif
| #include <sys/mntent.h>
configure:3395: result: no
configure:3395: checking sys/mntent.h presence
configure:3395: clang -E  conftest.c
conftest.c:21:10: fatal error: 'sys/mntent.h' file not found
   21 | #include <sys/mntent.h>
      |          ^~~~~~~~~~~~~~
1 error generated.
configure:3395: $? = 1
configure: failed program was:
| /* confdefs.h */
| #define PACKAGE_NAME ""
| #define PACKAGE_TARNAME ""
| #define PACKAGE_VERSION ""
| #define PACKAGE_STRING ""
| #define PACKAGE_BUGREPORT ""
| #define PACKAGE_URL ""
| #define STDC_HEADERS 1
| #define HAVE_SYS_TYPES_H 1
| #define HAVE_SYS_STAT_H 1
| #define HAVE_STDLIB_H 1
| #define HAVE_STRING_H 1
| #define HAVE_MEMORY_H 1
| #define HAVE_STRINGS_H 1
| #define HAVE_INTTYPES_H 1
| #define HAVE_STDINT_H 1
| #define HAVE_UNISTD_H 1
| #define HAVE_MNTENT_H 1
| #define HAVE_SYS_TYPES_H 1
| /* end confdefs.h.  */
| #include <sys/mntent.h>
configure:3395: result: no
configure:3395: checking for sys/mntent.h
configure:3395: result: no
configure:3409: checking sys/statvfs.h usability
configure:3409: clang -c -g -O2  conftest.c >&5
configure:3409: $? = 0
configure:3409: result: yes
configure:3409: checking sys/statvfs.h presence
configure:3409: clang -E  conftest.c
configure:3409: $? = 0
configure:3409: result: yes
configure:3409: checking for sys/statvfs.h
configure:3409: result: yes
configure:3420: checking for struct mntent.mnt_dir
configure:3420: clang -c -g -O2  conftest.c >&5
configure:3420: $? = 0
configure:3420: result: yes
configure:3428: checking for struct mntent.mnt_mountp
configure:3428: clang -c -g -O2  conftest.c >&5
conftest.c:23:10: fatal error: 'sys/mntent.h' file not found
   23 | #include <sys/mntent.h>
      |          ^~~~~~~~~~~~~~
1 error generated.
configure:3428: $? = 1
configure: failed program was:
| /* confdefs.h */
| #define PACKAGE_NAME ""
| #define PACKAGE_TARNAME ""
| #define PACKAGE_VERSION ""
| #define PACKAGE_STRING ""
| #define PACKAGE_BUGREPORT ""
| #define PACKAGE_URL ""
| #define STDC_HEADERS 1
| #define HAVE_SYS_TYPES_H 1
| #define HAVE_SYS_STAT_H 1
| #define HAVE_STDLIB_H 1
| #define HAVE_STRING_H 1
| #define HAVE_MEMORY_H 1
| #define HAVE_STRINGS_H 1
| #define HAVE_INTTYPES_H 1
| #define HAVE_STDINT_H 1
| #define HAVE_UNISTD_H 1
| #define HAVE_MNTENT_H 1
| #define HAVE_SYS_TYPES_H 1
| #define HAVE_SYS_STATVFS_H 1
| #define MNT_FSNAME mnt_fsname
| /* end confdefs.h.  */
| #include <sys/mntent.h>
| 
| int
| main ()
| {
| static struct mntent ac_aggr;
| if (ac_aggr.mnt_mountp)
| return 0;
|   ;
|   return 0;
| }
configure:3428: clang -c -g -O2  conftest.c >&5
conftest.c:23:10: fatal error: 'sys/mntent.h' file not found
   23 | #include <sys/mntent.h>
      |          ^~~~~~~~~~~~~~
1 error generated.
configure:3428: $? = 1
configure: failed program was:
| /* confdefs.h */
| #define PACKAGE_NAME ""
| #define PACKAGE_TARNAME ""
| #define PACKAGE_VERSION ""
| #define PACKAGE_STRING ""
| #define PACKAGE_BUGREPORT ""
| #define PACKAGE_URL ""
| #define STDC_HEADERS 1
| #define HAVE_SYS_TYPES_H 1
| #define HAVE_SYS_STAT_H 1
| #define HAVE_STDLIB_H 1
| #define HAVE_STRING_H 1
| #define HAVE_MEMORY_H 1
| #define HAVE_STRINGS_H 1
| #define HAVE_INTTYPES_H 1
| #define HAVE_STDINT_H 1
| #define HAVE_UNISTD_H 1
| #define HAVE_MNTENT_H 1
| #define HAVE_SYS_TYPES_H 1
| #define HAVE_SYS_STATVFS_H 1
| #define MNT_FSNAME mnt_fsname
| /* end confdefs.h.  */
| #include <sys/mntent.h>
| 
| int
| main ()
| {
| static struct mntent ac_aggr;
| if (sizeof ac_aggr.mnt_mountp)
| return 0;
|   ;
|   return 0;
| }
configure:3428: result: no
configure:3437: checking for struct mntent.mnt_dir
configure:3437: result: yes
configure:3445: checking for struct mntent.mnt_mountp
configure:3445: result: no
configure:3454: checking for struct mntent.mnt_dir
configure:3454: result: yes
configure:3462: checking for struct mntent.mnt_mountp
configure:3462: result: no
configure:3473: checking for library containing getmntent
configure:3504: clang -o conftest -g -O2   conftest.c  >&5
configure:3504: $? = 0
configure:3521: result: none required
configure:3669: creating ./config.status

## ---------------------- ##
## Running config.status. ##
## ---------------------- ##

This file was extended by config.status, which was
generated by GNU Autoconf 2.69.  Invocation command line was

  CONFIG_FILES    = 
  CONFIG_HEADERS  = 
  CONFIG_LINKS    = 
  CONFIG_COMMANDS = 
  $ ./config.status 

on localhost.localdomain

config.status:682: creating config.h
config.status:772: config.h is unchanged

## ---------------- ##
## Cache variables. ##
## ---------------- ##

ac_cv_c_compiler_gnu=yes
ac_cv_env_CC_set=set
ac_cv_env_CC_value=clang
ac_cv_env_CFLAGS_set=
ac_cv_env_CFLAGS_value=
ac_cv_env_CPPFLAGS_set=
ac_cv_env_CPPFLAGS_value=
ac_cv_env_CPP_set=set
ac_cv_env_CPP_value='clang -E'
ac_cv_env_LDFLAGS_set=
ac_cv_env_LDFLAGS_value=
ac_cv_env_LIBS_set=
ac_cv_env_LIBS_value=
ac_cv_env_build_alias_set=
ac_cv_env_build_alias_value=
ac_cv_env_host_alias_set=
ac_cv_env_host_alias_value=
ac_cv_env_target_alias_set=
ac_cv_env_target_alias_value=
ac_cv_func_getmntent=yes
ac_cv_func_getmntinfo=no
ac_cv_header_inttypes_h=yes
ac_cv_header_memory_h=yes
ac_cv_header_mntent_h=yes
ac_cv_header_stdc=yes
ac_cv_header_stdint_h=yes
ac_cv_header_stdlib_h=yes
ac_cv_header_string_h=yes
ac_cv_header_strings_h=yes
ac_cv_header_sys_mntent_h=no
ac_cv_header_sys_stat_h=yes
ac_cv_header_sys_statvfs_h=yes
ac_cv_header_sys_types_h=yes
ac_cv_header_unistd_h=yes
ac_cv_member_struct_mntent_mnt_dir=yes
ac_cv_member_struct_mntent_mnt_mountp=no
ac_cv_objext=o
ac_cv_path_EGREP='/usr/bin/grep -E'
ac_cv_path_GREP=/usr/bin/grep
ac_cv_prog_CPP='clang -E'
ac_cv_prog_ac_ct_CC=clang
ac_cv_prog_cc_c89=
ac_cv_prog_cc_g=yes
ac_cv_search_getmntent='none required'

## ----------------- ##
## Output variables. ##
## ----------------- ##

CC='clang'
CFLAGS='-g -O2'
CPP='clang -E'
CPPFLAGS=''
DEFS='-DHAVE_CONFIG_H'
ECHO_C=''
ECHO_N='-n'
ECHO_T=''
EGREP='/usr/bin/grep -E'
EXEEXT=''
GREP='/usr/bin/grep'
LDFLAGS=''
LIBOBJS=''
LIBS=''
LTLIBOBJS=''
OBJEXT='o'
PACKAGE_BUGREPORT=''
PACKAGE_NAME=''
PACKAGE_STRING=''
PACKAGE_TARNAME=''
PACKAGE_URL=''
PACKAGE_VERSION=''
PATH_SEPARATOR=':'
SHELL='/bin/bash'
ac_ct_CC='clang'
bindir='${exec_prefix}/bin'
build_alias=''
datadir='${datarootdir}'
datarootdir='${prefix}/share'
docdir='${datarootdir}/doc/${PACKAGE}'
dvidir='${docdir}'
exec_prefix='${prefix}'
host_alias=''
htmldir='${docdir}'
includedir='${prefix}/include'
infodir='${datarootdir}/info'
libdir='${exec_prefix}/lib'
libexecdir='${exec_prefix}/libexec'
localedir='${datarootdir}/locale'
localstatedir='${prefix}/var'
mandir='${datarootdir}/man'
oldincludedir='/usr/include'
pdfdir='${docdir}'
prefix='/usr/local'
program_transform_name='s,x,x,'
psdir='${docdir}'
sbindir='${exec_prefix}/sbin'
sharedstatedir='${prefix}/com'
sysconfdir='${prefix}/etc'
target_alias=''

## ----------- ##
## confdefs.h. ##
## ----------- ##

/* confdefs.h */
#define PACKAGE_NAME ""
#define PACKAGE_TARNAME ""
#define PACKAGE_VERSION ""
#define PACKAGE_STRING ""
#define PACKAGE_BUGREPORT ""
#define PACKAGE_URL ""
#define STDC_HEADERS 1
#define HAVE_SYS_TYPES_H 1
#define HAVE_SYS_STAT_H 1
#define HAVE_STDLIB_H 1
#define HAVE_STRING_H 1
#define HAVE_MEMORY_H 1
#define HAVE_STRINGS_H 1
#define HAVE_INTTYPES_H 1
#define HAVE_STDINT_H 1
#define HAVE_UNISTD_H 1
#define HAVE_MNTENT_H 1
#define HAVE_SYS_TYPES_H 1
#define HAVE_SYS_STATVFS_H 1
#define MNT_FSNAME mnt_fsname
#define MNT_DIR mnt_dir
#define MNT_FSTYPE mnt_type
#define HAVE_GETMNTENT 1
#define GW_DEBUG_LOG 0

configure: exit 0
